<?xml version="1.0" encoding="UTF-8"?>
<testsuite name="ParticipantTest" tests="1" skipped="0" failures="0" errors="0" timestamp="2024-11-13T14:24:12" hostname="SANTIMSI" time="0.016">
  <properties/>
  <testcase name="toString_newParticipant_returnsParticipant()" classname="ParticipantTest" time="0.016"/>
  <system-out><![CDATA[]]></system-out>
  <system-err><![CDATA[]]></system-err>
</testsuite>
